Build started 21/07/2014 22:21:29.
     1>Project "C:\Users\Allan\Documents\Visual Studio 2010\Projects\CatDogClassifierProject\CatDogClassifierProject\CatDogClassifierProject.vcxproj" on node 2 (build target(s)).
     1>InitializeBuildStatus:
         Creating "x64\Debug\CatDogClassifierProject.unsuccessfulbuild" because "AlwaysCreate" was specified.
       ClCompile:
         C:\Program Files (x86)\Microsoft Visual Studio 10.0\VC\bin\x86_amd64\CL.exe /c /Zi /nologo /W3 /WX- /Od /D WIN32 /D _DEBUG /D _CONSOLE /D _UNICODE /D UNICODE /Gm /EHsc /RTC1 /MDd /GS /fp:precise /Zc:wchar_t /Zc:forScope /Fo"x64\Debug\\" /Fd"x64\Debug\vcWindows7.1SDK.pdb" /Gd /TP /errorReport:prompt main.cpp
         main.cpp
     1>c:\opencv\build\include\opencv2\flann\logger.h(66): warning C4996: 'fopen': This function or variable may be unsafe. Consider using fopen_s instead. To disable deprecation, use _CRT_SECURE_NO_WARNINGS. See online help for details.
                 C:\Program Files (x86)\Microsoft Visual Studio 10.0\VC\include\stdio.h(234) : see declaration of 'fopen'
     1>main.cpp(44): warning C4244: 'return' : conversion from 'double' to 'float', possible loss of data
     1>main.cpp(152): warning C4244: 'initializing' : conversion from 'double' to 'int', possible loss of data
       ManifestResourceCompile:
         All outputs are up-to-date.
       Link:
         C:\Program Files (x86)\Microsoft Visual Studio 10.0\VC\bin\x86_amd64\link.exe /ERRORREPORT:PROMPT /OUT:"C:\Users\Allan\Documents\Visual Studio 2010\Projects\CatDogClassifierProject\x64\Debug\CatDogClassifierProject.exe" /INCREMENTAL /NOLOGO opencv_calib3d248d.lib opencv_contrib248d.lib opencv_core248d.lib opencv_features2d248d.lib opencv_flann248d.lib opencv_gpu248d.lib opencv_highgui248d.lib opencv_imgproc248d.lib opencv_legacy248d.lib opencv_ml248d.lib opencv_nonfree248d.lib opencv_objdetect248d.lib opencv_photo248d.lib opencv_stitching248d.lib opencv_ts248d.lib opencv_video248d.lib opencv_videostab248d.lib kernel32.lib user32.lib gdi32.lib winspool.lib comdlg32.lib advapi32.lib shell32.lib ole32.lib oleaut32.lib uuid.lib odbc32.lib odbccp32.lib /MANIFEST /ManifestFile:"x64\Debug\CatDogClassifierProject.exe.intermediate.manifest" /MANIFESTUAC:"level='asInvoker' uiAccess='false'" /DEBUG /PDB:"C:\Users\Allan\Documents\Visual Studio 2010\Projects\CatDogClassifierProject\x64\Debug\CatDogClassifierProject.pdb" /SUBSYSTEM:CONSOLE /TLBID:1 /DYNAMICBASE /NXCOMPAT /IMPLIB:"C:\Users\Allan\Documents\Visual Studio 2010\Projects\CatDogClassifierProject\x64\Debug\CatDogClassifierProject.lib" /MACHINE:X64 x64\Debug\CatDogClassifierProject.exe.embed.manifest.res
         x64\Debug\main.obj
         CatDogClassifierProject.vcxproj -> C:\Users\Allan\Documents\Visual Studio 2010\Projects\CatDogClassifierProject\x64\Debug\CatDogClassifierProject.exe
       Manifest:
         C:\Program Files\Microsoft SDKs\Windows\v7.1\bin\mt.exe /nologo /verbose /out:"x64\Debug\CatDogClassifierProject.exe.embed.manifest" /manifest x64\Debug\CatDogClassifierProject.exe.intermediate.manifest
         All outputs are up-to-date.
       LinkEmbedManifest:
         All outputs are up-to-date.
         CatDogClassifierProject.vcxproj -> C:\Users\Allan\Documents\Visual Studio 2010\Projects\CatDogClassifierProject\x64\Debug\CatDogClassifierProject.exe
       FinalizeBuildStatus:
         Deleting file "x64\Debug\CatDogClassifierProject.unsuccessfulbuild".
         Touching "x64\Debug\CatDogClassifierProject.lastbuildstate".
     1>Done Building Project "C:\Users\Allan\Documents\Visual Studio 2010\Projects\CatDogClassifierProject\CatDogClassifierProject\CatDogClassifierProject.vcxproj" (build target(s)).

Build succeeded.

Time Elapsed 00:00:03.40
